

Started GET "/assets/rails.png" for 127.0.0.1 at 2013-09-30 18:56:57 -0700
Connecting to database specified by database.yml
Served asset /rails.png - 304 Not Modified (268ms)


Started GET "/movies" for 127.0.0.1 at 2013-09-30 18:57:00 -0700
Processing by MoviesController#index as HTML
Completed 500 Internal Server Error in 2ms

ActiveRecord::StatementInvalid (Could not find table 'movies'):
  app/controllers/movies_controller.rb:10:in `index'


  Rendered /home/saasbook/.rvm/gems/ruby-1.9.3-p448/gems/actionpack-3.2.14/lib/action_dispatch/middleware/templates/rescues/_trace.erb (7.2ms)
  Rendered /home/saasbook/.rvm/gems/ruby-1.9.3-p448/gems/actionpack-3.2.14/lib/action_dispatch/middleware/templates/rescues/_request_and_response.erb (1.9ms)
  Rendered /home/saasbook/.rvm/gems/ruby-1.9.3-p448/gems/actionpack-3.2.14/lib/action_dispatch/middleware/templates/rescues/diagnostics.erb within rescues/layout (209.4ms)
Connecting to database specified by database.yml
Connecting to database specified by database.yml
  [1m[36m (0.2ms)[0m  [1mselect sqlite_version(*)[0m
  [1m[35m (56.2ms)[0m  CREATE TABLE "schema_migrations" ("version" varchar(255) NOT NULL) 
  [1m[36m (37.0ms)[0m  [1mCREATE UNIQUE INDEX "unique_schema_migrations" ON "schema_migrations" ("version")[0m
  [1m[35m (15.7ms)[0m  SELECT "schema_migrations"."version" FROM "schema_migrations" 
Migrating to CreateMovies (20111119180638)
  [1m[36m (0.1ms)[0m  [1mbegin transaction[0m
  [1m[35m (7.9ms)[0m  CREATE TABLE "movies" ("id" INTEGER PRIMARY KEY AUTOINCREMENT NOT NULL, "title" varchar(255), "rating" varchar(255), "description" text, "release_date" datetime, "created_at" datetime NOT NULL, "updated_at" datetime NOT NULL) 
  [1m[36m (1.2ms)[0m  [1mINSERT INTO "schema_migrations" ("version") VALUES ('20111119180638')[0m
  [1m[35m (1.9ms)[0m  commit transaction
  [1m[36m (1.5ms)[0m  [1mSELECT "schema_migrations"."version" FROM "schema_migrations" [0m


Started GET "/assets/rails.png" for 127.0.0.1 at 2013-10-23 05:25:14 -0700
Connecting to database specified by database.yml
Served asset /rails.png - 200 OK (150ms)
Connecting to database specified by database.yml
  [1m[36m (199.3ms)[0m  [1mSELECT "schema_migrations"."version" FROM "schema_migrations" [0m
Migrating to CreateMovies (20111119180638)
  [1m[35m (0.5ms)[0m  select sqlite_version(*)
  [1m[36m (48.3ms)[0m  [1mSELECT "schema_migrations"."version" FROM "schema_migrations" [0m
Connecting to database specified by database.yml
  [1m[36m (37.1ms)[0m  [1mSELECT "schema_migrations"."version" FROM "schema_migrations" [0m
Migrating to CreateMovies (20111119180638)
  [1m[35m (0.3ms)[0m  select sqlite_version(*)
  [1m[36m (4.8ms)[0m  [1mSELECT "schema_migrations"."version" FROM "schema_migrations" [0m
Connecting to database specified by database.yml
  [1m[36m (43.3ms)[0m  [1mSELECT "schema_migrations"."version" FROM "schema_migrations" [0m
  [1m[35m (0.1ms)[0m  begin transaction
  [1m[36mSQL (107.7ms)[0m  [1mINSERT INTO "movies" ("created_at", "description", "rating", "release_date", "title", "updated_at") VALUES (?, ?, ?, ?, ?, ?)[0m  [["created_at", Thu, 24 Oct 2013 10:55:36 UTC +00:00], ["description", nil], ["rating", "G"], ["release_date", Wed, 25 Nov 1992 00:00:00 UTC +00:00], ["title", "Aladdin"], ["updated_at", Thu, 24 Oct 2013 10:55:36 UTC +00:00]]
  [1m[35m (4.6ms)[0m  commit transaction
  [1m[36m (0.2ms)[0m  [1mbegin transaction[0m
  [1m[35mSQL (11.9ms)[0m  INSERT INTO "movies" ("created_at", "description", "rating", "release_date", "title", "updated_at") VALUES (?, ?, ?, ?, ?, ?)  [["created_at", Thu, 24 Oct 2013 10:55:36 UTC +00:00], ["description", nil], ["rating", "R"], ["release_date", Fri, 26 Oct 1984 00:00:00 UTC +00:00], ["title", "The Terminator"], ["updated_at", Thu, 24 Oct 2013 10:55:36 UTC +00:00]]
  [1m[36m (5.1ms)[0m  [1mcommit transaction[0m
  [1m[35m (0.1ms)[0m  begin transaction
  [1m[36mSQL (11.8ms)[0m  [1mINSERT INTO "movies" ("created_at", "description", "rating", "release_date", "title", "updated_at") VALUES (?, ?, ?, ?, ?, ?)[0m  [["created_at", Thu, 24 Oct 2013 10:55:36 UTC +00:00], ["description", nil], ["rating", "R"], ["release_date", Fri, 21 Jul 1989 00:00:00 UTC +00:00], ["title", "When Harry Met Sally"], ["updated_at", Thu, 24 Oct 2013 10:55:36 UTC +00:00]]
  [1m[35m (8.3ms)[0m  commit transaction
  [1m[36m (0.2ms)[0m  [1mbegin transaction[0m
  [1m[35mSQL (22.0ms)[0m  INSERT INTO "movies" ("created_at", "description", "rating", "release_date", "title", "updated_at") VALUES (?, ?, ?, ?, ?, ?)  [["created_at", Thu, 24 Oct 2013 10:55:36 UTC +00:00], ["description", nil], ["rating", "PG-13"], ["release_date", Wed, 10 Aug 2011 00:00:00 UTC +00:00], ["title", "The Help"], ["updated_at", Thu, 24 Oct 2013 10:55:36 UTC +00:00]]
  [1m[36m (8.3ms)[0m  [1mcommit transaction[0m
  [1m[35m (0.2ms)[0m  begin transaction
  [1m[36mSQL (17.6ms)[0m  [1mINSERT INTO "movies" ("created_at", "description", "rating", "release_date", "title", "updated_at") VALUES (?, ?, ?, ?, ?, ?)[0m  [["created_at", Thu, 24 Oct 2013 10:55:36 UTC +00:00], ["description", nil], ["rating", "PG-13"], ["release_date", Fri, 05 Jan 2001 00:00:00 UTC +00:00], ["title", "Chocolat"], ["updated_at", Thu, 24 Oct 2013 10:55:36 UTC +00:00]]
  [1m[35m (7.7ms)[0m  commit transaction
  [1m[36m (0.2ms)[0m  [1mbegin transaction[0m
  [1m[35mSQL (19.7ms)[0m  INSERT INTO "movies" ("created_at", "description", "rating", "release_date", "title", "updated_at") VALUES (?, ?, ?, ?, ?, ?)  [["created_at", Thu, 24 Oct 2013 10:55:36 UTC +00:00], ["description", nil], ["rating", "R"], ["release_date", Wed, 25 Apr 2001 00:00:00 UTC +00:00], ["title", "Amelie"], ["updated_at", Thu, 24 Oct 2013 10:55:36 UTC +00:00]]
  [1m[36m (8.0ms)[0m  [1mcommit transaction[0m
  [1m[35m (0.2ms)[0m  begin transaction
  [1m[36mSQL (17.7ms)[0m  [1mINSERT INTO "movies" ("created_at", "description", "rating", "release_date", "title", "updated_at") VALUES (?, ?, ?, ?, ?, ?)[0m  [["created_at", Thu, 24 Oct 2013 10:55:36 UTC +00:00], ["description", nil], ["rating", "G"], ["release_date", Sat, 06 Apr 1968 00:00:00 UTC +00:00], ["title", "2001: A Space Odyssey"], ["updated_at", Thu, 24 Oct 2013 10:55:36 UTC +00:00]]
  [1m[35m (7.7ms)[0m  commit transaction
  [1m[36m (0.2ms)[0m  [1mbegin transaction[0m
  [1m[35mSQL (18.8ms)[0m  INSERT INTO "movies" ("created_at", "description", "rating", "release_date", "title", "updated_at") VALUES (?, ?, ?, ?, ?, ?)  [["created_at", Thu, 24 Oct 2013 10:55:36 UTC +00:00], ["description", nil], ["rating", "PG"], ["release_date", Fri, 05 Nov 2004 00:00:00 UTC +00:00], ["title", "The Incredibles"], ["updated_at", Thu, 24 Oct 2013 10:55:36 UTC +00:00]]
  [1m[36m (5.1ms)[0m  [1mcommit transaction[0m
  [1m[35m (0.1ms)[0m  begin transaction
  [1m[36mSQL (14.0ms)[0m  [1mINSERT INTO "movies" ("created_at", "description", "rating", "release_date", "title", "updated_at") VALUES (?, ?, ?, ?, ?, ?)[0m  [["created_at", Thu, 24 Oct 2013 10:55:36 UTC +00:00], ["description", nil], ["rating", "PG"], ["release_date", Fri, 12 Jun 1981 00:00:00 UTC +00:00], ["title", "Raiders of the Lost Ark"], ["updated_at", Thu, 24 Oct 2013 10:55:36 UTC +00:00]]
  [1m[35m (6.0ms)[0m  commit transaction
  [1m[36m (0.1ms)[0m  [1mbegin transaction[0m
  [1m[35mSQL (12.1ms)[0m  INSERT INTO "movies" ("created_at", "description", "rating", "release_date", "title", "updated_at") VALUES (?, ?, ?, ?, ?, ?)  [["created_at", Thu, 24 Oct 2013 10:55:36 UTC +00:00], ["description", nil], ["rating", "G"], ["release_date", Wed, 21 Jun 2000 00:00:00 UTC +00:00], ["title", "Chicken Run"], ["updated_at", Thu, 24 Oct 2013 10:55:36 UTC +00:00]]
  [1m[36m (6.0ms)[0m  [1mcommit transaction[0m


Started GET "/assets/rails.png" for 127.0.0.1 at 2013-10-24 03:56:13 -0700
Connecting to database specified by database.yml
Served asset /rails.png - 200 OK (38ms)


Started GET "/rails/info/properties" for 127.0.0.1 at 2013-10-24 03:56:24 -0700
  [1m[36m (36.0ms)[0m  [1mSELECT "schema_migrations"."version" FROM "schema_migrations" [0m
Processing by Rails::InfoController#properties as HTML
  Rendered inline template (48.4ms)
Completed 200 OK in 144ms (Views: 143.0ms | ActiveRecord: 0.0ms)


Started GET "/rails/info/properties" for 127.0.0.1 at 2013-10-24 03:56:33 -0700
Processing by Rails::InfoController#properties as HTML
  Rendered inline template (0.4ms)
Completed 200 OK in 2ms (Views: 1.8ms | ActiveRecord: 0.0ms)


Started GET "/movies" for 127.0.0.1 at 2013-10-24 03:57:55 -0700
Processing by MoviesController#index as HTML
  [1m[35mMovie Load (26.1ms)[0m  SELECT "movies".* FROM "movies" 
  Rendered movies/index.html.haml within layouts/application (92.8ms)
Compiled application.css  (18ms)  (pid 24745)
Compiled jquery.js  (19ms)  (pid 24745)
Compiled jquery_ujs.js  (1ms)  (pid 24745)
Compiled application.js  (688ms)  (pid 24745)
Completed 200 OK in 3449ms (Views: 3386.8ms | ActiveRecord: 26.1ms)


Started GET "/assets/application.css?body=1" for 127.0.0.1 at 2013-10-24 03:57:59 -0700
Served asset /application.css - 200 OK (212ms)


Started GET "/assets/jquery.js?body=1" for 127.0.0.1 at 2013-10-24 03:58:00 -0700
Served asset /jquery.js - 200 OK (101ms)


Started GET "/assets/jquery_ujs.js?body=1" for 127.0.0.1 at 2013-10-24 03:58:00 -0700
Served asset /jquery_ujs.js - 200 OK (118ms)


Started GET "/assets/application.js?body=1" for 127.0.0.1 at 2013-10-24 03:58:00 -0700
Served asset /application.js - 200 OK (65ms)


Started GET "/movies/7" for 127.0.0.1 at 2013-10-24 03:58:07 -0700
Processing by MoviesController#show as HTML
  Parameters: {"id"=>"7"}
  [1m[36mMovie Load (4.7ms)[0m  [1mSELECT "movies".* FROM "movies" WHERE "movies"."id" = ? LIMIT 1[0m  [["id", "7"]]
  Rendered movies/show.html.haml within layouts/application (12.9ms)
Completed 200 OK in 527ms (Views: 518.8ms | ActiveRecord: 4.7ms)


Started GET "/assets/application.css?body=1" for 127.0.0.1 at 2013-10-24 03:58:08 -0700
Served asset /application.css - 304 Not Modified (7ms)


Started GET "/assets/jquery_ujs.js?body=1" for 127.0.0.1 at 2013-10-24 03:58:08 -0700
Served asset /jquery_ujs.js - 304 Not Modified (9ms)


Started GET "/assets/jquery.js?body=1" for 127.0.0.1 at 2013-10-24 03:58:08 -0700
Served asset /jquery.js - 304 Not Modified (31ms)


Started GET "/assets/application.js?body=1" for 127.0.0.1 at 2013-10-24 03:58:08 -0700
Served asset /application.js - 304 Not Modified (40ms)


Started GET "/movies/new" for 127.0.0.1 at 2013-10-24 03:59:07 -0700
Processing by MoviesController#new as HTML
  Rendered movies/new.html.haml within layouts/application (140.7ms)
Completed 200 OK in 489ms (Views: 488.0ms | ActiveRecord: 0.0ms)


Started GET "/assets/application.css?body=1" for 127.0.0.1 at 2013-10-24 03:59:08 -0700
Served asset /application.css - 304 Not Modified (10ms)


Started GET "/assets/jquery.js?body=1" for 127.0.0.1 at 2013-10-24 03:59:08 -0700
Served asset /jquery.js - 304 Not Modified (43ms)


Started GET "/assets/application.js?body=1" for 127.0.0.1 at 2013-10-24 03:59:08 -0700
Served asset /application.js - 304 Not Modified (45ms)


Started GET "/assets/jquery_ujs.js?body=1" for 127.0.0.1 at 2013-10-24 03:59:08 -0700
Served asset /jquery_ujs.js - 304 Not Modified (7ms)
